{"/home/hermit/Desktop/accessifix-extension/background/rules/RuleEngine.ts": {"path":"/home/hermit/Desktop/accessifix-extension/background/rules/RuleEngine.ts","statementMap":{"0":{"start":{"line":4,"column":26},"end":{"line":4,"column":28}},"1":{"start":{"line":10,"column":4},"end":{"line":10,"column":22}},"2":{"start":{"line":14,"column":4},"end":{"line":14,"column":26}},"3":{"start":{"line":18,"column":32},"end":{"line":18,"column":34}},"4":{"start":{"line":19,"column":4},"end":{"line":32,"column":5}},"5":{"start":{"line":20,"column":6},"end":{"line":31,"column":7}},"6":{"start":{"line":21,"column":8},"end":{"line":21,"column":54}},"7":{"start":{"line":25,"column":8},"end":{"line":30,"column":11}},"8":{"start":{"line":33,"column":4},"end":{"line":33,"column":19}},"9":{"start":{"line":37,"column":4},"end":{"line":46,"column":5}},"10":{"start":{"line":38,"column":6},"end":{"line":45,"column":7}},"11":{"start":{"line":39,"column":8},"end":{"line":44,"column":9}},"12":{"start":{"line":40,"column":10},"end":{"line":40,"column":28}},"13":{"start":{"line":3,"column":0},"end":{"line":3,"column":13}}},"fnMap":{"0":{"name":"(anonymous_0)","decl":{"start":{"line":9,"column":9},"end":{"line":9,"column":17}},"loc":{"start":{"line":9,"column":17},"end":{"line":11,"column":3}}},"1":{"name":"(anonymous_1)","decl":{"start":{"line":13,"column":2},"end":{"line":13,"column":14}},"loc":{"start":{"line":13,"column":25},"end":{"line":15,"column":3}}},"2":{"name":"(anonymous_2)","decl":{"start":{"line":17,"column":2},"end":{"line":17,"column":5}},"loc":{"start":{"line":17,"column":37},"end":{"line":34,"column":3}}},"3":{"name":"(anonymous_3)","decl":{"start":{"line":36,"column":2},"end":{"line":36,"column":8}},"loc":{"start":{"line":36,"column":40},"end":{"line":47,"column":3}}}},"branchMap":{"0":{"loc":{"start":{"line":28,"column":19},"end":{"line":28,"column":75}},"type":"cond-expr","locations":[{"start":{"line":28,"column":52},"end":{"line":28,"column":59}},{"start":{"line":28,"column":62},"end":{"line":28,"column":75}}]},"1":{"loc":{"start":{"line":38,"column":6},"end":{"line":45,"column":7}},"type":"if","locations":[{"start":{"line":38,"column":6},"end":{"line":45,"column":7}}]}},"s":{"0":0,"1":0,"2":0,"3":0,"4":0,"5":0,"6":0,"7":0,"8":0,"9":0,"10":0,"11":0,"12":0,"13":0},"f":{"0":0,"1":0,"2":0,"3":0},"b":{"0":[0,0],"1":[0]}}
,"/home/hermit/Desktop/accessifix-extension/background/rules/aria.ts": {"path":"/home/hermit/Desktop/accessifix-extension/background/rules/aria.ts","statementMap":{"0":{"start":{"line":13,"column":13},"end":{"line":55,"column":2}},"1":{"start":{"line":18,"column":34},"end":{"line":18,"column":36}},"2":{"start":{"line":19,"column":21},"end":{"line":21,"column":32}},"3":{"start":{"line":22,"column":4},"end":{"line":39,"column":7}},"4":{"start":{"line":23,"column":19},"end":{"line":23,"column":42}},"5":{"start":{"line":25,"column":6},"end":{"line":37,"column":7}},"6":{"start":{"line":30,"column":8},"end":{"line":36,"column":11}},"7":{"start":{"line":40,"column":4},"end":{"line":40,"column":19}},"8":{"start":{"line":43,"column":21},"end":{"line":45,"column":41}},"9":{"start":{"line":46,"column":4},"end":{"line":53,"column":7}},"10":{"start":{"line":47,"column":6},"end":{"line":52,"column":7}},"11":{"start":{"line":51,"column":8},"end":{"line":51,"column":48}}},"fnMap":{"0":{"name":"(anonymous_0)","decl":{"start":{"line":17,"column":2},"end":{"line":17,"column":7}},"loc":{"start":{"line":17,"column":39},"end":{"line":41,"column":3}}},"1":{"name":"(anonymous_1)","decl":{"start":{"line":22,"column":21},"end":{"line":22,"column":22}},"loc":{"start":{"line":22,"column":28},"end":{"line":39,"column":5}}},"2":{"name":"(anonymous_2)","decl":{"start":{"line":42,"column":2},"end":{"line":42,"column":5}},"loc":{"start":{"line":42,"column":37},"end":{"line":54,"column":3}}},"3":{"name":"(anonymous_3)","decl":{"start":{"line":46,"column":21},"end":{"line":46,"column":22}},"loc":{"start":{"line":46,"column":28},"end":{"line":53,"column":5}}}},"branchMap":{"0":{"loc":{"start":{"line":20,"column":6},"end":{"line":20,"column":58}},"type":"cond-expr","locations":[{"start":{"line":20,"column":36},"end":{"line":20,"column":48}},{"start":{"line":20,"column":51},"end":{"line":20,"column":58}}]},"1":{"loc":{"start":{"line":25,"column":6},"end":{"line":37,"column":7}},"type":"if","locations":[{"start":{"line":25,"column":6},"end":{"line":37,"column":7}}]},"2":{"loc":{"start":{"line":26,"column":8},"end":{"line":28,"column":43}},"type":"binary-expr","locations":[{"start":{"line":26,"column":8},"end":{"line":26,"column":25}},{"start":{"line":27,"column":8},"end":{"line":27,"column":38}},{"start":{"line":28,"column":8},"end":{"line":28,"column":43}}]},"3":{"loc":{"start":{"line":44,"column":6},"end":{"line":44,"column":58}},"type":"cond-expr","locations":[{"start":{"line":44,"column":36},"end":{"line":44,"column":48}},{"start":{"line":44,"column":51},"end":{"line":44,"column":58}}]},"4":{"loc":{"start":{"line":47,"column":6},"end":{"line":52,"column":7}},"type":"if","locations":[{"start":{"line":47,"column":6},"end":{"line":52,"column":7}}]},"5":{"loc":{"start":{"line":48,"column":8},"end":{"line":49,"column":43}},"type":"binary-expr","locations":[{"start":{"line":48,"column":8},"end":{"line":48,"column":38}},{"start":{"line":49,"column":8},"end":{"line":49,"column":43}}]}},"s":{"0":0,"1":0,"2":0,"3":0,"4":0,"5":0,"6":0,"7":0,"8":0,"9":0,"10":0,"11":0},"f":{"0":0,"1":0,"2":0,"3":0},"b":{"0":[0,0],"1":[0],"2":[0,0,0],"3":[0,0],"4":[0],"5":[0,0]}}
,"/home/hermit/Desktop/accessifix-extension/background/rules/contrast.ts": {"path":"/home/hermit/Desktop/accessifix-extension/background/rules/contrast.ts","statementMap":{"0":{"start":{"line":24,"column":2},"end":{"line":24,"column":11}},"1":{"start":{"line":27,"column":13},"end":{"line":52,"column":2}},"2":{"start":{"line":32,"column":34},"end":{"line":32,"column":36}},"3":{"start":{"line":33,"column":21},"end":{"line":35,"column":38}},"4":{"start":{"line":36,"column":4},"end":{"line":49,"column":7}},"5":{"start":{"line":37,"column":20},"end":{"line":37,"column":58}},"6":{"start":{"line":38,"column":20},"end":{"line":38,"column":31}},"7":{"start":{"line":39,"column":25},"end":{"line":39,"column":46}},"8":{"start":{"line":40,"column":20},"end":{"line":40,"column":55}},"9":{"start":{"line":41,"column":6},"end":{"line":48,"column":7}},"10":{"start":{"line":42,"column":8},"end":{"line":47,"column":11}},"11":{"start":{"line":50,"column":4},"end":{"line":50,"column":19}}},"fnMap":{"0":{"name":"getContrastRatio","decl":{"start":{"line":16,"column":9},"end":{"line":16,"column":25}},"loc":{"start":{"line":20,"column":20},"end":{"line":25,"column":1}}},"1":{"name":"(anonymous_1)","decl":{"start":{"line":31,"column":2},"end":{"line":31,"column":7}},"loc":{"start":{"line":31,"column":39},"end":{"line":51,"column":3}}},"2":{"name":"(anonymous_2)","decl":{"start":{"line":36,"column":21},"end":{"line":36,"column":22}},"loc":{"start":{"line":36,"column":28},"end":{"line":49,"column":5}}}},"branchMap":{"0":{"loc":{"start":{"line":34,"column":6},"end":{"line":34,"column":58}},"type":"cond-expr","locations":[{"start":{"line":34,"column":36},"end":{"line":34,"column":48}},{"start":{"line":34,"column":51},"end":{"line":34,"column":58}}]},"1":{"loc":{"start":{"line":41,"column":6},"end":{"line":48,"column":7}},"type":"if","locations":[{"start":{"line":41,"column":6},"end":{"line":48,"column":7}}]}},"s":{"0":0,"1":0,"2":0,"3":0,"4":0,"5":0,"6":0,"7":0,"8":0,"9":0,"10":0,"11":0},"f":{"0":0,"1":0,"2":0},"b":{"0":[0,0],"1":[0]}}
,"/home/hermit/Desktop/accessifix-extension/background/rules/navigation.ts": {"path":"/home/hermit/Desktop/accessifix-extension/background/rules/navigation.ts","statementMap":{"0":{"start":{"line":11,"column":13},"end":{"line":33,"column":2}},"1":{"start":{"line":16,"column":34},"end":{"line":16,"column":36}},"2":{"start":{"line":17,"column":21},"end":{"line":19,"column":72}},"3":{"start":{"line":20,"column":4},"end":{"line":30,"column":7}},"4":{"start":{"line":21,"column":6},"end":{"line":29,"column":7}},"5":{"start":{"line":22,"column":8},"end":{"line":28,"column":11}},"6":{"start":{"line":31,"column":4},"end":{"line":31,"column":19}}},"fnMap":{"0":{"name":"(anonymous_0)","decl":{"start":{"line":15,"column":2},"end":{"line":15,"column":7}},"loc":{"start":{"line":15,"column":39},"end":{"line":32,"column":3}}},"1":{"name":"(anonymous_1)","decl":{"start":{"line":20,"column":21},"end":{"line":20,"column":22}},"loc":{"start":{"line":20,"column":28},"end":{"line":30,"column":5}}}},"branchMap":{"0":{"loc":{"start":{"line":18,"column":6},"end":{"line":18,"column":58}},"type":"cond-expr","locations":[{"start":{"line":18,"column":36},"end":{"line":18,"column":48}},{"start":{"line":18,"column":51},"end":{"line":18,"column":58}}]},"1":{"loc":{"start":{"line":21,"column":6},"end":{"line":29,"column":7}},"type":"if","locations":[{"start":{"line":21,"column":6},"end":{"line":29,"column":7}}]}},"s":{"0":0,"1":0,"2":0,"3":0,"4":0,"5":0,"6":0},"f":{"0":0,"1":0},"b":{"0":[0,0],"1":[0]}}
,"/home/hermit/Desktop/accessifix-extension/background/rules/typography.ts": {"path":"/home/hermit/Desktop/accessifix-extension/background/rules/typography.ts","statementMap":{"0":{"start":{"line":11,"column":13},"end":{"line":33,"column":2}},"1":{"start":{"line":15,"column":34},"end":{"line":15,"column":36}},"2":{"start":{"line":16,"column":21},"end":{"line":18,"column":38}},"3":{"start":{"line":19,"column":4},"end":{"line":30,"column":7}},"4":{"start":{"line":20,"column":20},"end":{"line":20,"column":58}},"5":{"start":{"line":21,"column":23},"end":{"line":21,"column":49}},"6":{"start":{"line":22,"column":6},"end":{"line":29,"column":7}},"7":{"start":{"line":23,"column":8},"end":{"line":28,"column":11}},"8":{"start":{"line":31,"column":4},"end":{"line":31,"column":19}}},"fnMap":{"0":{"name":"(anonymous_0)","decl":{"start":{"line":14,"column":2},"end":{"line":14,"column":7}},"loc":{"start":{"line":14,"column":39},"end":{"line":32,"column":3}}},"1":{"name":"(anonymous_1)","decl":{"start":{"line":19,"column":21},"end":{"line":19,"column":22}},"loc":{"start":{"line":19,"column":28},"end":{"line":30,"column":5}}}},"branchMap":{"0":{"loc":{"start":{"line":17,"column":6},"end":{"line":17,"column":58}},"type":"cond-expr","locations":[{"start":{"line":17,"column":36},"end":{"line":17,"column":48}},{"start":{"line":17,"column":51},"end":{"line":17,"column":58}}]},"1":{"loc":{"start":{"line":22,"column":6},"end":{"line":29,"column":7}},"type":"if","locations":[{"start":{"line":22,"column":6},"end":{"line":29,"column":7}}]}},"s":{"0":0,"1":0,"2":0,"3":0,"4":0,"5":0,"6":0,"7":0,"8":0},"f":{"0":0,"1":0},"b":{"0":[0,0],"1":[0]}}
,"/home/hermit/Desktop/accessifix-extension/background/storage/ImportExport.ts": {"path":"/home/hermit/Desktop/accessifix-extension/background/storage/ImportExport.ts","statementMap":{"0":{"start":{"line":1,"column":0},"end":{"line":1,"column":71}},"1":{"start":{"line":11,"column":4},"end":{"line":11,"column":45}},"2":{"start":{"line":20,"column":4},"end":{"line":25,"column":5}},"3":{"start":{"line":21,"column":6},"end":{"line":21,"column":30}},"4":{"start":{"line":24,"column":6},"end":{"line":24,"column":45}},"5":{"start":{"line":27,"column":4},"end":{"line":27,"column":34}},"6":{"start":{"line":6,"column":0},"end":{"line":6,"column":13}}},"fnMap":{"0":{"name":"(anonymous_0)","decl":{"start":{"line":10,"column":2},"end":{"line":10,"column":8}},"loc":{"start":{"line":10,"column":43},"end":{"line":12,"column":3}}},"1":{"name":"(anonymous_1)","decl":{"start":{"line":18,"column":2},"end":{"line":18,"column":8}},"loc":{"start":{"line":18,"column":28},"end":{"line":28,"column":3}}}},"branchMap":{},"s":{"0":0,"1":0,"2":0,"3":0,"4":0,"5":0,"6":0},"f":{"0":0,"1":0},"b":{}}
,"/home/hermit/Desktop/accessifix-extension/background/storage/LocalStorageWrapper.ts": {"path":"/home/hermit/Desktop/accessifix-extension/background/storage/LocalStorageWrapper.ts","statementMap":{"0":{"start":{"line":29,"column":4},"end":{"line":35,"column":5}},"1":{"start":{"line":30,"column":20},"end":{"line":30,"column":52}},"2":{"start":{"line":31,"column":6},"end":{"line":31,"column":46}},"3":{"start":{"line":33,"column":6},"end":{"line":33,"column":60}},"4":{"start":{"line":34,"column":6},"end":{"line":34,"column":18}},"5":{"start":{"line":45,"column":4},"end":{"line":51,"column":5}},"6":{"start":{"line":46,"column":6},"end":{"line":46,"column":62}},"7":{"start":{"line":47,"column":6},"end":{"line":47,"column":18}},"8":{"start":{"line":49,"column":6},"end":{"line":49,"column":60}},"9":{"start":{"line":50,"column":6},"end":{"line":50,"column":19}},"10":{"start":{"line":60,"column":4},"end":{"line":66,"column":5}},"11":{"start":{"line":61,"column":6},"end":{"line":61,"column":42}},"12":{"start":{"line":62,"column":6},"end":{"line":62,"column":18}},"13":{"start":{"line":64,"column":6},"end":{"line":64,"column":63}},"14":{"start":{"line":65,"column":6},"end":{"line":65,"column":19}},"15":{"start":{"line":74,"column":4},"end":{"line":79,"column":5}},"16":{"start":{"line":75,"column":6},"end":{"line":75,"column":46}},"17":{"start":{"line":77,"column":6},"end":{"line":77,"column":52}},"18":{"start":{"line":78,"column":6},"end":{"line":78,"column":16}},"19":{"start":{"line":22,"column":0},"end":{"line":22,"column":13}}},"fnMap":{"0":{"name":"handleStorageError","decl":{"start":{"line":13,"column":9},"end":{"line":13,"column":27}},"loc":{"start":{"line":13,"column":57},"end":{"line":20,"column":1}}},"1":{"name":"(anonymous_1)","decl":{"start":{"line":28,"column":2},"end":{"line":28,"column":8}},"loc":{"start":{"line":28,"column":34},"end":{"line":36,"column":3}}},"2":{"name":"(anonymous_2)","decl":{"start":{"line":44,"column":2},"end":{"line":44,"column":8}},"loc":{"start":{"line":44,"column":55},"end":{"line":52,"column":3}}},"3":{"name":"(anonymous_3)","decl":{"start":{"line":59,"column":2},"end":{"line":59,"column":8}},"loc":{"start":{"line":59,"column":37},"end":{"line":67,"column":3}}},"4":{"name":"(anonymous_4)","decl":{"start":{"line":73,"column":2},"end":{"line":73,"column":8}},"loc":{"start":{"line":73,"column":19},"end":{"line":80,"column":3}}}},"branchMap":{"0":{"loc":{"start":{"line":31,"column":13},"end":{"line":31,"column":45}},"type":"cond-expr","locations":[{"start":{"line":31,"column":21},"end":{"line":31,"column":38}},{"start":{"line":31,"column":41},"end":{"line":31,"column":45}}]}},"s":{"0":2,"1":2,"2":2,"3":0,"4":0,"5":3,"6":3,"7":3,"8":0,"9":0,"10":4,"11":4,"12":4,"13":0,"14":0,"15":1,"16":1,"17":0,"18":0,"19":1},"f":{"0":0,"1":2,"2":3,"3":4,"4":1},"b":{"0":[1,1]}}
,"/home/hermit/Desktop/accessifix-extension/background/storage/PerSiteConfig.ts": {"path":"/home/hermit/Desktop/accessifix-extension/background/storage/PerSiteConfig.ts","statementMap":{"0":{"start":{"line":14,"column":4},"end":{"line":14,"column":49}},"1":{"start":{"line":25,"column":4},"end":{"line":34,"column":6}},"2":{"start":{"line":45,"column":4},"end":{"line":54,"column":6}},"3":{"start":{"line":6,"column":0},"end":{"line":6,"column":13}}},"fnMap":{"0":{"name":"(anonymous_0)","decl":{"start":{"line":10,"column":2},"end":{"line":10,"column":8}},"loc":{"start":{"line":12,"column":20},"end":{"line":15,"column":3}}},"1":{"name":"(anonymous_1)","decl":{"start":{"line":20,"column":2},"end":{"line":20,"column":8}},"loc":{"start":{"line":23,"column":38},"end":{"line":35,"column":3}}},"2":{"name":"(anonymous_2)","decl":{"start":{"line":40,"column":2},"end":{"line":40,"column":8}},"loc":{"start":{"line":43,"column":20},"end":{"line":55,"column":3}}}},"branchMap":{},"s":{"0":0,"1":0,"2":0,"3":0},"f":{"0":0,"1":0,"2":0},"b":{}}
,"/home/hermit/Desktop/accessifix-extension/background/storage/SettingsSchema.ts": {"path":"/home/hermit/Desktop/accessifix-extension/background/storage/SettingsSchema.ts","statementMap":{"0":{"start":{"line":41,"column":0},"end":{"line":41,"column":16}},"1":{"start":{"line":1,"column":0},"end":{"line":1,"column":24}},"2":{"start":{"line":23,"column":13},"end":{"line":34,"column":3}},"3":{"start":{"line":43,"column":2},"end":{"line":43,"column":66}}},"fnMap":{"0":{"name":"validateSettings","decl":{"start":{"line":41,"column":16},"end":{"line":41,"column":32}},"loc":{"start":{"line":41,"column":46},"end":{"line":44,"column":1}}}},"branchMap":{},"s":{"0":1,"1":1,"2":1,"3":3},"f":{"0":3},"b":{}}
}
