{"/home/hermit/Desktop/accessifix-extension/background/background.ts": {"path":"/home/hermit/Desktop/accessifix-extension/background/background.ts","statementMap":{"0":{"start":{"line":5,"column":0},"end":{"line":5,"column":46}},"1":{"start":{"line":12,"column":0},"end":{"line":14,"column":1}},"2":{"start":{"line":13,"column":2},"end":{"line":13,"column":33}}},"fnMap":{},"branchMap":{"0":{"loc":{"start":{"line":12,"column":0},"end":{"line":14,"column":1}},"type":"if","locations":[{"start":{"line":12,"column":0},"end":{"line":14,"column":1}}]}},"s":{"0":0,"1":0,"2":0},"f":{},"b":{"0":[0]}}
,"/home/hermit/Desktop/accessifix-extension/background/dom/DOMScanner.ts": {"path":"/home/hermit/Desktop/accessifix-extension/background/dom/DOMScanner.ts","statementMap":{"0":{"start":{"line":22,"column":0},"end":{"line":22,"column":41}},"1":{"start":{"line":29,"column":50},"end":{"line":29,"column":52}},"2":{"start":{"line":38,"column":17},"end":{"line":38,"column":41}},"3":{"start":{"line":39,"column":41},"end":{"line":39,"column":43}},"4":{"start":{"line":40,"column":25},"end":{"line":40,"column":67}},"5":{"start":{"line":43,"column":21},"end":{"line":43,"column":41}},"6":{"start":{"line":44,"column":4},"end":{"line":61,"column":5}},"7":{"start":{"line":46,"column":6},"end":{"line":52,"column":7}},"8":{"start":{"line":51,"column":8},"end":{"line":51,"column":17}},"9":{"start":{"line":54,"column":6},"end":{"line":60,"column":7}},"10":{"start":{"line":55,"column":24},"end":{"line":55,"column":44}},"11":{"start":{"line":56,"column":8},"end":{"line":59,"column":9}},"12":{"start":{"line":57,"column":24},"end":{"line":57,"column":50}},"13":{"start":{"line":58,"column":10},"end":{"line":58,"column":40}},"14":{"start":{"line":58,"column":21},"end":{"line":58,"column":40}},"15":{"start":{"line":62,"column":4},"end":{"line":62,"column":18}},"16":{"start":{"line":79,"column":17},"end":{"line":79,"column":41}},"17":{"start":{"line":80,"column":21},"end":{"line":83,"column":6}},"18":{"start":{"line":81,"column":21},"end":{"line":81,"column":45}},"19":{"start":{"line":82,"column":6},"end":{"line":82,"column":23}},"20":{"start":{"line":84,"column":4},"end":{"line":88,"column":7}},"21":{"start":{"line":90,"column":4},"end":{"line":90,"column":39}},"22":{"start":{"line":91,"column":4},"end":{"line":91,"column":20}},"23":{"start":{"line":98,"column":4},"end":{"line":98,"column":35}},"24":{"start":{"line":106,"column":4},"end":{"line":129,"column":7}},"25":{"start":{"line":107,"column":6},"end":{"line":127,"column":7}},"26":{"start":{"line":113,"column":8},"end":{"line":115,"column":9}},"27":{"start":{"line":114,"column":10},"end":{"line":114,"column":22}},"28":{"start":{"line":117,"column":21},"end":{"line":117,"column":44}},"29":{"start":{"line":118,"column":8},"end":{"line":126,"column":9}},"30":{"start":{"line":119,"column":10},"end":{"line":125,"column":12}},"31":{"start":{"line":128,"column":6},"end":{"line":128,"column":18}},"32":{"start":{"line":132,"column":4},"end":{"line":152,"column":7}},"33":{"start":{"line":133,"column":6},"end":{"line":150,"column":7}},"34":{"start":{"line":140,"column":10},"end":{"line":140,"column":70}},"35":{"start":{"line":141,"column":8},"end":{"line":149,"column":9}},"36":{"start":{"line":142,"column":10},"end":{"line":148,"column":12}},"37":{"start":{"line":151,"column":6},"end":{"line":151,"column":18}},"38":{"start":{"line":155,"column":4},"end":{"line":177,"column":7}},"39":{"start":{"line":156,"column":6},"end":{"line":175,"column":7}},"40":{"start":{"line":157,"column":21},"end":{"line":157,"column":44}},"41":{"start":{"line":158,"column":30},"end":{"line":165,"column":10}},"42":{"start":{"line":166,"column":8},"end":{"line":174,"column":9}},"43":{"start":{"line":167,"column":10},"end":{"line":173,"column":12}},"44":{"start":{"line":176,"column":6},"end":{"line":176,"column":18}},"45":{"start":{"line":180,"column":4},"end":{"line":213,"column":7}},"46":{"start":{"line":183,"column":18},"end":{"line":183,"column":61}},"47":{"start":{"line":184,"column":8},"end":{"line":184,"column":25}},"48":{"start":{"line":184,"column":16},"end":{"line":184,"column":25}},"49":{"start":{"line":185,"column":18},"end":{"line":185,"column":42}},"50":{"start":{"line":186,"column":18},"end":{"line":186,"column":42}},"51":{"start":{"line":187,"column":18},"end":{"line":187,"column":42}},"52":{"start":{"line":189,"column":8},"end":{"line":189,"column":52}},"53":{"start":{"line":191,"column":6},"end":{"line":211,"column":7}},"54":{"start":{"line":193,"column":22},"end":{"line":193,"column":73}},"55":{"start":{"line":195,"column":10},"end":{"line":196,"column":53}},"56":{"start":{"line":198,"column":21},"end":{"line":198,"column":40}},"57":{"start":{"line":199,"column":21},"end":{"line":199,"column":37}},"58":{"start":{"line":201,"column":10},"end":{"line":201,"column":71}},"59":{"start":{"line":202,"column":8},"end":{"line":210,"column":9}},"60":{"start":{"line":203,"column":10},"end":{"line":209,"column":12}},"61":{"start":{"line":212,"column":6},"end":{"line":212,"column":18}},"62":{"start":{"line":215,"column":4},"end":{"line":231,"column":7}},"63":{"start":{"line":216,"column":6},"end":{"line":229,"column":7}},"64":{"start":{"line":217,"column":22},"end":{"line":217,"column":55}},"65":{"start":{"line":218,"column":19},"end":{"line":218,"column":62}},"66":{"start":{"line":220,"column":8},"end":{"line":228,"column":9}},"67":{"start":{"line":221,"column":10},"end":{"line":227,"column":12}},"68":{"start":{"line":230,"column":6},"end":{"line":230,"column":18}},"69":{"start":{"line":234,"column":4},"end":{"line":255,"column":7}},"70":{"start":{"line":235,"column":6},"end":{"line":253,"column":7}},"71":{"start":{"line":241,"column":19},"end":{"line":241,"column":40}},"72":{"start":{"line":242,"column":8},"end":{"line":245,"column":9}},"73":{"start":{"line":243,"column":24},"end":{"line":243,"column":68}},"74":{"start":{"line":244,"column":10},"end":{"line":244,"column":33}},"75":{"start":{"line":244,"column":21},"end":{"line":244,"column":33}},"76":{"start":{"line":246,"column":8},"end":{"line":252,"column":10}},"77":{"start":{"line":254,"column":6},"end":{"line":254,"column":18}},"78":{"start":{"line":258,"column":4},"end":{"line":283,"column":7}},"79":{"start":{"line":259,"column":6},"end":{"line":281,"column":7}},"80":{"start":{"line":260,"column":21},"end":{"line":260,"column":44}},"81":{"start":{"line":262,"column":27},"end":{"line":271,"column":10}},"82":{"start":{"line":272,"column":8},"end":{"line":280,"column":9}},"83":{"start":{"line":273,"column":10},"end":{"line":279,"column":12}},"84":{"start":{"line":282,"column":6},"end":{"line":282,"column":18}},"85":{"start":{"line":286,"column":4},"end":{"line":300,"column":7}},"86":{"start":{"line":287,"column":6},"end":{"line":298,"column":7}},"87":{"start":{"line":288,"column":23},"end":{"line":288,"column":69}},"88":{"start":{"line":289,"column":8},"end":{"line":297,"column":9}},"89":{"start":{"line":290,"column":10},"end":{"line":296,"column":12}},"90":{"start":{"line":299,"column":6},"end":{"line":299,"column":18}},"91":{"start":{"line":31,"column":0},"end":{"line":31,"column":13}}},"fnMap":{"0":{"name":"(anonymous_0)","decl":{"start":{"line":37,"column":2},"end":{"line":37,"column":8}},"loc":{"start":{"line":37,"column":37},"end":{"line":63,"column":3}}},"1":{"name":"(anonymous_1)","decl":{"start":{"line":74,"column":2},"end":{"line":74,"column":8}},"loc":{"start":{"line":77,"column":53},"end":{"line":92,"column":3}}},"2":{"name":"(anonymous_2)","decl":{"start":{"line":80,"column":42},"end":{"line":80,"column":45}},"loc":{"start":{"line":80,"column":47},"end":{"line":83,"column":5}}},"3":{"name":"(anonymous_3)","decl":{"start":{"line":97,"column":2},"end":{"line":97,"column":8}},"loc":{"start":{"line":97,"column":58},"end":{"line":99,"column":3}}},"4":{"name":"(anonymous_4)","decl":{"start":{"line":104,"column":2},"end":{"line":104,"column":8}},"loc":{"start":{"line":104,"column":29},"end":{"line":301,"column":3}}},"5":{"name":"(anonymous_5)","decl":{"start":{"line":106,"column":51},"end":{"line":106,"column":52}},"loc":{"start":{"line":106,"column":58},"end":{"line":129,"column":5}}},"6":{"name":"(anonymous_6)","decl":{"start":{"line":132,"column":47},"end":{"line":132,"column":48}},"loc":{"start":{"line":132,"column":54},"end":{"line":152,"column":5}}},"7":{"name":"(anonymous_7)","decl":{"start":{"line":155,"column":45},"end":{"line":155,"column":46}},"loc":{"start":{"line":155,"column":52},"end":{"line":177,"column":5}}},"8":{"name":"(anonymous_8)","decl":{"start":{"line":180,"column":45},"end":{"line":180,"column":46}},"loc":{"start":{"line":180,"column":52},"end":{"line":213,"column":5}}},"9":{"name":"getLuminance","decl":{"start":{"line":182,"column":15},"end":{"line":182,"column":27}},"loc":{"start":{"line":182,"column":39},"end":{"line":190,"column":7}}},"10":{"name":"(anonymous_10)","decl":{"start":{"line":215,"column":40},"end":{"line":215,"column":41}},"loc":{"start":{"line":215,"column":47},"end":{"line":231,"column":5}}},"11":{"name":"(anonymous_11)","decl":{"start":{"line":234,"column":43},"end":{"line":234,"column":44}},"loc":{"start":{"line":234,"column":50},"end":{"line":255,"column":5}}},"12":{"name":"(anonymous_12)","decl":{"start":{"line":258,"column":41},"end":{"line":258,"column":42}},"loc":{"start":{"line":258,"column":48},"end":{"line":283,"column":5}}},"13":{"name":"(anonymous_13)","decl":{"start":{"line":286,"column":42},"end":{"line":286,"column":43}},"loc":{"start":{"line":286,"column":49},"end":{"line":300,"column":5}}}},"branchMap":{"0":{"loc":{"start":{"line":38,"column":17},"end":{"line":38,"column":41}},"type":"binary-expr","locations":[{"start":{"line":38,"column":17},"end":{"line":38,"column":29}},{"start":{"line":38,"column":33},"end":{"line":38,"column":41}}]},"1":{"loc":{"start":{"line":40,"column":25},"end":{"line":40,"column":67}},"type":"binary-expr","locations":[{"start":{"line":40,"column":25},"end":{"line":40,"column":38}},{"start":{"line":40,"column":42},"end":{"line":40,"column":67}}]},"2":{"loc":{"start":{"line":46,"column":6},"end":{"line":52,"column":7}},"type":"if","locations":[{"start":{"line":46,"column":6},"end":{"line":52,"column":7}}]},"3":{"loc":{"start":{"line":47,"column":8},"end":{"line":49,"column":32}},"type":"binary-expr","locations":[{"start":{"line":47,"column":8},"end":{"line":47,"column":30}},{"start":{"line":48,"column":8},"end":{"line":48,"column":33}},{"start":{"line":49,"column":8},"end":{"line":49,"column":32}}]},"4":{"loc":{"start":{"line":56,"column":8},"end":{"line":59,"column":9}},"type":"if","locations":[{"start":{"line":56,"column":8},"end":{"line":59,"column":9}}]},"5":{"loc":{"start":{"line":58,"column":10},"end":{"line":58,"column":40}},"type":"if","locations":[{"start":{"line":58,"column":10},"end":{"line":58,"column":40}}]},"6":{"loc":{"start":{"line":79,"column":17},"end":{"line":79,"column":41}},"type":"binary-expr","locations":[{"start":{"line":79,"column":17},"end":{"line":79,"column":29}},{"start":{"line":79,"column":33},"end":{"line":79,"column":41}}]},"7":{"loc":{"start":{"line":84,"column":21},"end":{"line":84,"column":64}},"type":"cond-expr","locations":[{"start":{"line":84,"column":48},"end":{"line":84,"column":57}},{"start":{"line":84,"column":60},"end":{"line":84,"column":64}}]},"8":{"loc":{"start":{"line":107,"column":6},"end":{"line":127,"column":7}},"type":"if","locations":[{"start":{"line":107,"column":6},"end":{"line":127,"column":7}}]},"9":{"loc":{"start":{"line":108,"column":8},"end":{"line":110,"column":24}},"type":"binary-expr","locations":[{"start":{"line":108,"column":8},"end":{"line":108,"column":33}},{"start":{"line":109,"column":8},"end":{"line":109,"column":39}},{"start":{"line":110,"column":8},"end":{"line":110,"column":24}}]},"10":{"loc":{"start":{"line":113,"column":8},"end":{"line":115,"column":9}},"type":"if","locations":[{"start":{"line":113,"column":8},"end":{"line":115,"column":9}}]},"11":{"loc":{"start":{"line":113,"column":12},"end":{"line":113,"column":69}},"type":"binary-expr","locations":[{"start":{"line":113,"column":12},"end":{"line":113,"column":30}},{"start":{"line":113,"column":34},"end":{"line":113,"column":69}}]},"12":{"loc":{"start":{"line":118,"column":8},"end":{"line":126,"column":9}},"type":"if","locations":[{"start":{"line":118,"column":8},"end":{"line":126,"column":9}}]},"13":{"loc":{"start":{"line":118,"column":12},"end":{"line":118,"column":32}},"type":"binary-expr","locations":[{"start":{"line":118,"column":12},"end":{"line":118,"column":17}},{"start":{"line":118,"column":21},"end":{"line":118,"column":32}}]},"14":{"loc":{"start":{"line":133,"column":6},"end":{"line":150,"column":7}},"type":"if","locations":[{"start":{"line":133,"column":6},"end":{"line":150,"column":7}}]},"15":{"loc":{"start":{"line":134,"column":8},"end":{"line":136,"column":24}},"type":"binary-expr","locations":[{"start":{"line":134,"column":8},"end":{"line":134,"column":33}},{"start":{"line":135,"column":8},"end":{"line":135,"column":39}},{"start":{"line":136,"column":8},"end":{"line":136,"column":24}}]},"16":{"loc":{"start":{"line":140,"column":10},"end":{"line":140,"column":70}},"type":"binary-expr","locations":[{"start":{"line":140,"column":10},"end":{"line":140,"column":26}},{"start":{"line":140,"column":30},"end":{"line":140,"column":70}}]},"17":{"loc":{"start":{"line":141,"column":8},"end":{"line":149,"column":9}},"type":"if","locations":[{"start":{"line":141,"column":8},"end":{"line":149,"column":9}}]},"18":{"loc":{"start":{"line":141,"column":12},"end":{"line":141,"column":48}},"type":"binary-expr","locations":[{"start":{"line":141,"column":12},"end":{"line":141,"column":30}},{"start":{"line":141,"column":34},"end":{"line":141,"column":48}}]},"19":{"loc":{"start":{"line":156,"column":6},"end":{"line":175,"column":7}},"type":"if","locations":[{"start":{"line":156,"column":6},"end":{"line":175,"column":7}}]},"20":{"loc":{"start":{"line":166,"column":8},"end":{"line":174,"column":9}},"type":"if","locations":[{"start":{"line":166,"column":8},"end":{"line":174,"column":9}}]},"21":{"loc":{"start":{"line":166,"column":12},"end":{"line":166,"column":48}},"type":"binary-expr","locations":[{"start":{"line":166,"column":12},"end":{"line":166,"column":16}},{"start":{"line":166,"column":20},"end":{"line":166,"column":48}}]},"22":{"loc":{"start":{"line":184,"column":8},"end":{"line":184,"column":25}},"type":"if","locations":[{"start":{"line":184,"column":8},"end":{"line":184,"column":25}}]},"23":{"loc":{"start":{"line":191,"column":6},"end":{"line":211,"column":7}},"type":"if","locations":[{"start":{"line":191,"column":6},"end":{"line":211,"column":7}}]},"24":{"loc":{"start":{"line":193,"column":22},"end":{"line":193,"column":73}},"type":"binary-expr","locations":[{"start":{"line":193,"column":22},"end":{"line":193,"column":36}},{"start":{"line":193,"column":40},"end":{"line":193,"column":73}}]},"25":{"loc":{"start":{"line":195,"column":10},"end":{"line":196,"column":53}},"type":"binary-expr","locations":[{"start":{"line":195,"column":10},"end":{"line":195,"column":34}},{"start":{"line":196,"column":10},"end":{"line":196,"column":53}}]},"26":{"loc":{"start":{"line":202,"column":8},"end":{"line":210,"column":9}},"type":"if","locations":[{"start":{"line":202,"column":8},"end":{"line":210,"column":9}}]},"27":{"loc":{"start":{"line":216,"column":6},"end":{"line":229,"column":7}},"type":"if","locations":[{"start":{"line":216,"column":6},"end":{"line":229,"column":7}}]},"28":{"loc":{"start":{"line":220,"column":8},"end":{"line":228,"column":9}},"type":"if","locations":[{"start":{"line":220,"column":8},"end":{"line":228,"column":9}}]},"29":{"loc":{"start":{"line":235,"column":6},"end":{"line":253,"column":7}},"type":"if","locations":[{"start":{"line":235,"column":6},"end":{"line":253,"column":7}}]},"30":{"loc":{"start":{"line":236,"column":8},"end":{"line":238,"column":43}},"type":"binary-expr","locations":[{"start":{"line":236,"column":8},"end":{"line":236,"column":30}},{"start":{"line":237,"column":8},"end":{"line":237,"column":38}},{"start":{"line":238,"column":8},"end":{"line":238,"column":43}}]},"31":{"loc":{"start":{"line":242,"column":8},"end":{"line":245,"column":9}},"type":"if","locations":[{"start":{"line":242,"column":8},"end":{"line":245,"column":9}}]},"32":{"loc":{"start":{"line":244,"column":10},"end":{"line":244,"column":33}},"type":"if","locations":[{"start":{"line":244,"column":10},"end":{"line":244,"column":33}}]},"33":{"loc":{"start":{"line":259,"column":6},"end":{"line":281,"column":7}},"type":"if","locations":[{"start":{"line":259,"column":6},"end":{"line":281,"column":7}}]},"34":{"loc":{"start":{"line":259,"column":10},"end":{"line":259,"column":62}},"type":"binary-expr","locations":[{"start":{"line":259,"column":10},"end":{"line":259,"column":35}},{"start":{"line":259,"column":39},"end":{"line":259,"column":62}}]},"35":{"loc":{"start":{"line":272,"column":8},"end":{"line":280,"column":9}},"type":"if","locations":[{"start":{"line":272,"column":8},"end":{"line":280,"column":9}}]},"36":{"loc":{"start":{"line":272,"column":12},"end":{"line":272,"column":46}},"type":"binary-expr","locations":[{"start":{"line":272,"column":12},"end":{"line":272,"column":16}},{"start":{"line":272,"column":20},"end":{"line":272,"column":46}}]},"37":{"loc":{"start":{"line":287,"column":6},"end":{"line":298,"column":7}},"type":"if","locations":[{"start":{"line":287,"column":6},"end":{"line":298,"column":7}}]},"38":{"loc":{"start":{"line":289,"column":8},"end":{"line":297,"column":9}},"type":"if","locations":[{"start":{"line":289,"column":8},"end":{"line":297,"column":9}}]}},"s":{"0":2,"1":2,"2":9,"3":9,"4":9,"5":9,"6":9,"7":23,"8":23,"9":0,"10":0,"11":0,"12":0,"13":0,"14":0,"15":9,"16":0,"17":0,"18":0,"19":0,"20":0,"21":0,"22":0,"23":9,"24":1,"25":0,"26":0,"27":0,"28":0,"29":0,"30":0,"31":0,"32":1,"33":0,"34":0,"35":0,"36":0,"37":0,"38":1,"39":0,"40":0,"41":0,"42":0,"43":0,"44":0,"45":1,"46":0,"47":0,"48":0,"49":0,"50":0,"51":0,"52":0,"53":0,"54":0,"55":0,"56":0,"57":0,"58":0,"59":0,"60":0,"61":0,"62":1,"63":0,"64":0,"65":0,"66":0,"67":0,"68":0,"69":1,"70":0,"71":0,"72":0,"73":0,"74":0,"75":0,"76":0,"77":0,"78":1,"79":0,"80":0,"81":0,"82":0,"83":0,"84":0,"85":1,"86":0,"87":0,"88":0,"89":0,"90":0,"91":2},"f":{"0":9,"1":0,"2":0,"3":9,"4":1,"5":0,"6":0,"7":0,"8":0,"9":0,"10":0,"11":0,"12":0,"13":0},"b":{"0":[9,0],"1":[9,9],"2":[23],"3":[23,23,23],"4":[0],"5":[0],"6":[0,0],"7":[0,0],"8":[0],"9":[0,0,0],"10":[0],"11":[0,0],"12":[0],"13":[0,0],"14":[0],"15":[0,0,0],"16":[0,0],"17":[0],"18":[0,0],"19":[0],"20":[0],"21":[0,0],"22":[0],"23":[0],"24":[0,0],"25":[0,0],"26":[0],"27":[0],"28":[0],"29":[0],"30":[0,0,0],"31":[0],"32":[0],"33":[0],"34":[0,0],"35":[0],"36":[0,0],"37":[0],"38":[0]}}
,"/home/hermit/Desktop/accessifix-extension/background/dom/utils.ts": {"path":"/home/hermit/Desktop/accessifix-extension/background/dom/utils.ts","statementMap":{"0":{"start":{"line":4,"column":0},"end":{"line":4,"column":16}},"1":{"start":{"line":5,"column":34},"end":{"line":5,"column":36}},"2":{"start":{"line":6,"column":17},"end":{"line":8,"column":null}},"3":{"start":{"line":10,"column":13},"end":{"line":10,"column":30}},"4":{"start":{"line":11,"column":2},"end":{"line":36,"column":3}},"5":{"start":{"line":12,"column":4},"end":{"line":34,"column":5}},"6":{"start":{"line":13,"column":6},"end":{"line":13,"column":26}},"7":{"start":{"line":15,"column":6},"end":{"line":21,"column":7}},"8":{"start":{"line":16,"column":8},"end":{"line":20,"column":10}},"9":{"start":{"line":23,"column":6},"end":{"line":33,"column":7}},"10":{"start":{"line":24,"column":8},"end":{"line":32,"column":9}},"11":{"start":{"line":25,"column":29},"end":{"line":25,"column":71}},"12":{"start":{"line":26,"column":10},"end":{"line":28,"column":11}},"13":{"start":{"line":27,"column":12},"end":{"line":27,"column":56}},"14":{"start":{"line":35,"column":4},"end":{"line":35,"column":29}},"15":{"start":{"line":37,"column":2},"end":{"line":37,"column":18}}},"fnMap":{"0":{"name":"getAllElements","decl":{"start":{"line":4,"column":16},"end":{"line":4,"column":30}},"loc":{"start":{"line":4,"column":59},"end":{"line":38,"column":1}}}},"branchMap":{"0":{"loc":{"start":{"line":7,"column":4},"end":{"line":7,"column":47}},"type":"cond-expr","locations":[{"start":{"line":7,"column":31},"end":{"line":7,"column":40}},{"start":{"line":7,"column":43},"end":{"line":7,"column":47}}]},"1":{"loc":{"start":{"line":12,"column":4},"end":{"line":34,"column":5}},"type":"if","locations":[{"start":{"line":12,"column":4},"end":{"line":34,"column":5}}]},"2":{"loc":{"start":{"line":15,"column":6},"end":{"line":21,"column":7}},"type":"if","locations":[{"start":{"line":15,"column":6},"end":{"line":21,"column":7}}]},"3":{"loc":{"start":{"line":23,"column":6},"end":{"line":33,"column":7}},"type":"if","locations":[{"start":{"line":23,"column":6},"end":{"line":33,"column":7}}]},"4":{"loc":{"start":{"line":26,"column":10},"end":{"line":28,"column":11}},"type":"if","locations":[{"start":{"line":26,"column":10},"end":{"line":28,"column":11}}]}},"s":{"0":2,"1":9,"2":9,"3":9,"4":9,"5":23,"6":23,"7":23,"8":0,"9":23,"10":0,"11":0,"12":0,"13":0,"14":23,"15":9},"f":{"0":9},"b":{"0":[9,0],"1":[23],"2":[0],"3":[0],"4":[0]}}
,"/home/hermit/Desktop/accessifix-extension/background/rules/RuleEngine.ts": {"path":"/home/hermit/Desktop/accessifix-extension/background/rules/RuleEngine.ts","statementMap":{"0":{"start":{"line":4,"column":26},"end":{"line":4,"column":28}},"1":{"start":{"line":10,"column":4},"end":{"line":10,"column":22}},"2":{"start":{"line":14,"column":4},"end":{"line":14,"column":26}},"3":{"start":{"line":18,"column":32},"end":{"line":18,"column":34}},"4":{"start":{"line":19,"column":4},"end":{"line":32,"column":5}},"5":{"start":{"line":20,"column":6},"end":{"line":31,"column":7}},"6":{"start":{"line":21,"column":8},"end":{"line":21,"column":54}},"7":{"start":{"line":25,"column":8},"end":{"line":30,"column":11}},"8":{"start":{"line":33,"column":4},"end":{"line":33,"column":19}},"9":{"start":{"line":37,"column":4},"end":{"line":46,"column":5}},"10":{"start":{"line":38,"column":6},"end":{"line":45,"column":7}},"11":{"start":{"line":39,"column":8},"end":{"line":44,"column":9}},"12":{"start":{"line":40,"column":10},"end":{"line":40,"column":28}},"13":{"start":{"line":3,"column":0},"end":{"line":3,"column":13}}},"fnMap":{"0":{"name":"(anonymous_0)","decl":{"start":{"line":9,"column":9},"end":{"line":9,"column":17}},"loc":{"start":{"line":9,"column":17},"end":{"line":11,"column":3}}},"1":{"name":"(anonymous_1)","decl":{"start":{"line":13,"column":2},"end":{"line":13,"column":14}},"loc":{"start":{"line":13,"column":25},"end":{"line":15,"column":3}}},"2":{"name":"(anonymous_2)","decl":{"start":{"line":17,"column":2},"end":{"line":17,"column":5}},"loc":{"start":{"line":17,"column":37},"end":{"line":34,"column":3}}},"3":{"name":"(anonymous_3)","decl":{"start":{"line":36,"column":2},"end":{"line":36,"column":8}},"loc":{"start":{"line":36,"column":40},"end":{"line":47,"column":3}}}},"branchMap":{"0":{"loc":{"start":{"line":28,"column":19},"end":{"line":28,"column":75}},"type":"cond-expr","locations":[{"start":{"line":28,"column":52},"end":{"line":28,"column":59}},{"start":{"line":28,"column":62},"end":{"line":28,"column":75}}]},"1":{"loc":{"start":{"line":38,"column":6},"end":{"line":45,"column":7}},"type":"if","locations":[{"start":{"line":38,"column":6},"end":{"line":45,"column":7}}]}},"s":{"0":5,"1":1,"2":5,"3":2,"4":2,"5":2,"6":2,"7":1,"8":2,"9":2,"10":2,"11":1,"12":1,"13":1},"f":{"0":1,"1":5,"2":2,"3":2},"b":{"0":[1,0],"1":[1]}}
,"/home/hermit/Desktop/accessifix-extension/background/rules/aria.ts": {"path":"/home/hermit/Desktop/accessifix-extension/background/rules/aria.ts","statementMap":{"0":{"start":{"line":13,"column":13},"end":{"line":55,"column":2}},"1":{"start":{"line":18,"column":34},"end":{"line":18,"column":36}},"2":{"start":{"line":19,"column":21},"end":{"line":21,"column":32}},"3":{"start":{"line":22,"column":4},"end":{"line":39,"column":7}},"4":{"start":{"line":23,"column":19},"end":{"line":23,"column":42}},"5":{"start":{"line":25,"column":6},"end":{"line":37,"column":7}},"6":{"start":{"line":30,"column":8},"end":{"line":36,"column":11}},"7":{"start":{"line":40,"column":4},"end":{"line":40,"column":19}},"8":{"start":{"line":43,"column":21},"end":{"line":45,"column":41}},"9":{"start":{"line":46,"column":4},"end":{"line":53,"column":7}},"10":{"start":{"line":47,"column":6},"end":{"line":52,"column":7}},"11":{"start":{"line":51,"column":8},"end":{"line":51,"column":48}}},"fnMap":{"0":{"name":"(anonymous_0)","decl":{"start":{"line":17,"column":2},"end":{"line":17,"column":7}},"loc":{"start":{"line":17,"column":39},"end":{"line":41,"column":3}}},"1":{"name":"(anonymous_1)","decl":{"start":{"line":22,"column":21},"end":{"line":22,"column":22}},"loc":{"start":{"line":22,"column":28},"end":{"line":39,"column":5}}},"2":{"name":"(anonymous_2)","decl":{"start":{"line":42,"column":2},"end":{"line":42,"column":5}},"loc":{"start":{"line":42,"column":37},"end":{"line":54,"column":3}}},"3":{"name":"(anonymous_3)","decl":{"start":{"line":46,"column":21},"end":{"line":46,"column":22}},"loc":{"start":{"line":46,"column":28},"end":{"line":53,"column":5}}}},"branchMap":{"0":{"loc":{"start":{"line":20,"column":6},"end":{"line":20,"column":58}},"type":"cond-expr","locations":[{"start":{"line":20,"column":36},"end":{"line":20,"column":48}},{"start":{"line":20,"column":51},"end":{"line":20,"column":58}}]},"1":{"loc":{"start":{"line":25,"column":6},"end":{"line":37,"column":7}},"type":"if","locations":[{"start":{"line":25,"column":6},"end":{"line":37,"column":7}}]},"2":{"loc":{"start":{"line":26,"column":8},"end":{"line":28,"column":43}},"type":"binary-expr","locations":[{"start":{"line":26,"column":8},"end":{"line":26,"column":25}},{"start":{"line":27,"column":8},"end":{"line":27,"column":38}},{"start":{"line":28,"column":8},"end":{"line":28,"column":43}}]},"3":{"loc":{"start":{"line":44,"column":6},"end":{"line":44,"column":58}},"type":"cond-expr","locations":[{"start":{"line":44,"column":36},"end":{"line":44,"column":48}},{"start":{"line":44,"column":51},"end":{"line":44,"column":58}}]},"4":{"loc":{"start":{"line":47,"column":6},"end":{"line":52,"column":7}},"type":"if","locations":[{"start":{"line":47,"column":6},"end":{"line":52,"column":7}}]},"5":{"loc":{"start":{"line":48,"column":8},"end":{"line":49,"column":43}},"type":"binary-expr","locations":[{"start":{"line":48,"column":8},"end":{"line":48,"column":38}},{"start":{"line":49,"column":8},"end":{"line":49,"column":43}}]}},"s":{"0":1,"1":2,"2":2,"3":2,"4":2,"5":2,"6":1,"7":2,"8":1,"9":1,"10":1,"11":1},"f":{"0":2,"1":2,"2":1,"3":1},"b":{"0":[0,2],"1":[1],"2":[2,2,1],"3":[0,1],"4":[1],"5":[1,1]}}
,"/home/hermit/Desktop/accessifix-extension/background/rules/contrast.ts": {"path":"/home/hermit/Desktop/accessifix-extension/background/rules/contrast.ts","statementMap":{"0":{"start":{"line":16,"column":0},"end":{"line":16,"column":16}},"1":{"start":{"line":24,"column":2},"end":{"line":24,"column":11}},"2":{"start":{"line":27,"column":13},"end":{"line":62,"column":2}},"3":{"start":{"line":42,"column":34},"end":{"line":42,"column":36}},"4":{"start":{"line":43,"column":21},"end":{"line":45,"column":38}},"5":{"start":{"line":46,"column":4},"end":{"line":59,"column":7}},"6":{"start":{"line":47,"column":20},"end":{"line":47,"column":58}},"7":{"start":{"line":48,"column":20},"end":{"line":48,"column":31}},"8":{"start":{"line":49,"column":25},"end":{"line":49,"column":46}},"9":{"start":{"line":50,"column":20},"end":{"line":50,"column":49}},"10":{"start":{"line":51,"column":6},"end":{"line":58,"column":7}},"11":{"start":{"line":52,"column":8},"end":{"line":57,"column":11}},"12":{"start":{"line":60,"column":4},"end":{"line":60,"column":19}}},"fnMap":{"0":{"name":"getContrastRatio","decl":{"start":{"line":16,"column":16},"end":{"line":16,"column":32}},"loc":{"start":{"line":20,"column":20},"end":{"line":25,"column":1}}},"1":{"name":"(anonymous_1)","decl":{"start":{"line":35,"column":2},"end":{"line":35,"column":7}},"loc":{"start":{"line":40,"column":34},"end":{"line":61,"column":3}}},"2":{"name":"(anonymous_2)","decl":{"start":{"line":46,"column":21},"end":{"line":46,"column":22}},"loc":{"start":{"line":46,"column":28},"end":{"line":59,"column":5}}}},"branchMap":{"0":{"loc":{"start":{"line":37,"column":4},"end":{"line":40,"column":34}},"type":"default-arg","locations":[{"start":{"line":40,"column":18},"end":{"line":40,"column":34}}]},"1":{"loc":{"start":{"line":44,"column":6},"end":{"line":44,"column":58}},"type":"cond-expr","locations":[{"start":{"line":44,"column":36},"end":{"line":44,"column":48}},{"start":{"line":44,"column":51},"end":{"line":44,"column":58}}]},"2":{"loc":{"start":{"line":51,"column":6},"end":{"line":58,"column":7}},"type":"if","locations":[{"start":{"line":51,"column":6},"end":{"line":58,"column":7}}]}},"s":{"0":1,"1":1,"2":1,"3":2,"4":2,"5":2,"6":2,"7":2,"8":2,"9":2,"10":2,"11":1,"12":2},"f":{"0":1,"1":2,"2":2},"b":{"0":[1],"1":[0,2],"2":[1]}}
,"/home/hermit/Desktop/accessifix-extension/background/rules/navigation.ts": {"path":"/home/hermit/Desktop/accessifix-extension/background/rules/navigation.ts","statementMap":{"0":{"start":{"line":11,"column":13},"end":{"line":33,"column":2}},"1":{"start":{"line":16,"column":34},"end":{"line":16,"column":36}},"2":{"start":{"line":17,"column":21},"end":{"line":19,"column":72}},"3":{"start":{"line":20,"column":4},"end":{"line":30,"column":7}},"4":{"start":{"line":21,"column":6},"end":{"line":29,"column":7}},"5":{"start":{"line":22,"column":8},"end":{"line":28,"column":11}},"6":{"start":{"line":31,"column":4},"end":{"line":31,"column":19}}},"fnMap":{"0":{"name":"(anonymous_0)","decl":{"start":{"line":15,"column":2},"end":{"line":15,"column":7}},"loc":{"start":{"line":15,"column":39},"end":{"line":32,"column":3}}},"1":{"name":"(anonymous_1)","decl":{"start":{"line":20,"column":21},"end":{"line":20,"column":22}},"loc":{"start":{"line":20,"column":28},"end":{"line":30,"column":5}}}},"branchMap":{"0":{"loc":{"start":{"line":18,"column":6},"end":{"line":18,"column":58}},"type":"cond-expr","locations":[{"start":{"line":18,"column":36},"end":{"line":18,"column":48}},{"start":{"line":18,"column":51},"end":{"line":18,"column":58}}]},"1":{"loc":{"start":{"line":21,"column":6},"end":{"line":29,"column":7}},"type":"if","locations":[{"start":{"line":21,"column":6},"end":{"line":29,"column":7}}]}},"s":{"0":1,"1":2,"2":2,"3":2,"4":2,"5":1,"6":2},"f":{"0":2,"1":2},"b":{"0":[0,2],"1":[1]}}
,"/home/hermit/Desktop/accessifix-extension/background/rules/typography.ts": {"path":"/home/hermit/Desktop/accessifix-extension/background/rules/typography.ts","statementMap":{"0":{"start":{"line":11,"column":13},"end":{"line":33,"column":2}},"1":{"start":{"line":15,"column":34},"end":{"line":15,"column":36}},"2":{"start":{"line":16,"column":21},"end":{"line":18,"column":38}},"3":{"start":{"line":19,"column":4},"end":{"line":30,"column":7}},"4":{"start":{"line":20,"column":20},"end":{"line":20,"column":58}},"5":{"start":{"line":21,"column":23},"end":{"line":21,"column":49}},"6":{"start":{"line":22,"column":6},"end":{"line":29,"column":7}},"7":{"start":{"line":23,"column":8},"end":{"line":28,"column":11}},"8":{"start":{"line":31,"column":4},"end":{"line":31,"column":19}}},"fnMap":{"0":{"name":"(anonymous_0)","decl":{"start":{"line":14,"column":2},"end":{"line":14,"column":7}},"loc":{"start":{"line":14,"column":39},"end":{"line":32,"column":3}}},"1":{"name":"(anonymous_1)","decl":{"start":{"line":19,"column":21},"end":{"line":19,"column":22}},"loc":{"start":{"line":19,"column":28},"end":{"line":30,"column":5}}}},"branchMap":{"0":{"loc":{"start":{"line":17,"column":6},"end":{"line":17,"column":58}},"type":"cond-expr","locations":[{"start":{"line":17,"column":36},"end":{"line":17,"column":48}},{"start":{"line":17,"column":51},"end":{"line":17,"column":58}}]},"1":{"loc":{"start":{"line":22,"column":6},"end":{"line":29,"column":7}},"type":"if","locations":[{"start":{"line":22,"column":6},"end":{"line":29,"column":7}}]}},"s":{"0":1,"1":2,"2":2,"3":2,"4":2,"5":2,"6":2,"7":1,"8":2},"f":{"0":2,"1":2},"b":{"0":[0,2],"1":[1]}}
,"/home/hermit/Desktop/accessifix-extension/background/storage/ErrorHandler.ts": {"path":"/home/hermit/Desktop/accessifix-extension/background/storage/ErrorHandler.ts","statementMap":{"0":{"start":{"line":13,"column":49},"end":{"line":19,"column":1}},"1":{"start":{"line":13,"column":13},"end":{"line":13,"column":49}}},"fnMap":{"0":{"name":"(anonymous_0)","decl":{"start":{"line":13,"column":49},"end":{"line":13,"column":50}},"loc":{"start":{"line":13,"column":66},"end":{"line":19,"column":1}}}},"branchMap":{},"s":{"0":1,"1":1},"f":{"0":3},"b":{}}
,"/home/hermit/Desktop/accessifix-extension/background/storage/ImportExport.ts": {"path":"/home/hermit/Desktop/accessifix-extension/background/storage/ImportExport.ts","statementMap":{"0":{"start":{"line":1,"column":0},"end":{"line":1,"column":71}},"1":{"start":{"line":15,"column":4},"end":{"line":15,"column":45}},"2":{"start":{"line":24,"column":4},"end":{"line":29,"column":5}},"3":{"start":{"line":25,"column":6},"end":{"line":25,"column":30}},"4":{"start":{"line":28,"column":6},"end":{"line":28,"column":45}},"5":{"start":{"line":31,"column":4},"end":{"line":31,"column":34}},"6":{"start":{"line":10,"column":0},"end":{"line":10,"column":13}}},"fnMap":{"0":{"name":"(anonymous_0)","decl":{"start":{"line":14,"column":2},"end":{"line":14,"column":8}},"loc":{"start":{"line":14,"column":43},"end":{"line":16,"column":3}}},"1":{"name":"(anonymous_1)","decl":{"start":{"line":22,"column":2},"end":{"line":22,"column":8}},"loc":{"start":{"line":22,"column":28},"end":{"line":32,"column":3}}}},"branchMap":{},"s":{"0":1,"1":2,"2":3,"3":3,"4":1,"5":2,"6":1},"f":{"0":2,"1":3},"b":{}}
,"/home/hermit/Desktop/accessifix-extension/background/storage/LocalStorageWrapper.ts": {"path":"/home/hermit/Desktop/accessifix-extension/background/storage/LocalStorageWrapper.ts","statementMap":{"0":{"start":{"line":1,"column":0},"end":{"line":1,"column":67}},"1":{"start":{"line":2,"column":0},"end":{"line":2,"column":61}},"2":{"start":{"line":25,"column":44},"end":{"line":25,"column":48}},"3":{"start":{"line":26,"column":46},"end":{"line":26,"column":65}},"4":{"start":{"line":27,"column":42},"end":{"line":27,"column":59}},"5":{"start":{"line":30,"column":4},"end":{"line":30,"column":42}},"6":{"start":{"line":34,"column":4},"end":{"line":34,"column":47}},"7":{"start":{"line":38,"column":4},"end":{"line":38,"column":48}},"8":{"start":{"line":42,"column":4},"end":{"line":55,"column":5}},"9":{"start":{"line":44,"column":6},"end":{"line":50,"column":7}},"10":{"start":{"line":45,"column":8},"end":{"line":45,"column":49}},"11":{"start":{"line":46,"column":13},"end":{"line":50,"column":7}},"12":{"start":{"line":47,"column":8},"end":{"line":47,"column":49}},"13":{"start":{"line":49,"column":8},"end":{"line":49,"column":57}},"14":{"start":{"line":51,"column":6},"end":{"line":51,"column":66}},"15":{"start":{"line":53,"column":6},"end":{"line":53,"column":74}},"16":{"start":{"line":54,"column":6},"end":{"line":54,"column":18}},"17":{"start":{"line":59,"column":4},"end":{"line":72,"column":5}},"18":{"start":{"line":60,"column":25},"end":{"line":60,"column":72}},"19":{"start":{"line":61,"column":6},"end":{"line":67,"column":7}},"20":{"start":{"line":62,"column":8},"end":{"line":62,"column":53}},"21":{"start":{"line":63,"column":13},"end":{"line":67,"column":7}},"22":{"start":{"line":64,"column":8},"end":{"line":64,"column":53}},"23":{"start":{"line":66,"column":8},"end":{"line":66,"column":61}},"24":{"start":{"line":68,"column":6},"end":{"line":68,"column":18}},"25":{"start":{"line":70,"column":6},"end":{"line":70,"column":74}},"26":{"start":{"line":71,"column":6},"end":{"line":71,"column":19}},"27":{"start":{"line":76,"column":4},"end":{"line":88,"column":5}},"28":{"start":{"line":77,"column":6},"end":{"line":83,"column":7}},"29":{"start":{"line":78,"column":8},"end":{"line":78,"column":44}},"30":{"start":{"line":79,"column":13},"end":{"line":83,"column":7}},"31":{"start":{"line":80,"column":8},"end":{"line":80,"column":44}},"32":{"start":{"line":82,"column":8},"end":{"line":82,"column":52}},"33":{"start":{"line":84,"column":6},"end":{"line":84,"column":18}},"34":{"start":{"line":86,"column":6},"end":{"line":86,"column":77}},"35":{"start":{"line":87,"column":6},"end":{"line":87,"column":19}},"36":{"start":{"line":92,"column":4},"end":{"line":108,"column":5}},"37":{"start":{"line":95,"column":6},"end":{"line":101,"column":7}},"38":{"start":{"line":96,"column":8},"end":{"line":96,"column":38}},"39":{"start":{"line":97,"column":13},"end":{"line":101,"column":7}},"40":{"start":{"line":98,"column":8},"end":{"line":98,"column":38}},"41":{"start":{"line":100,"column":8},"end":{"line":100,"column":46}},"42":{"start":{"line":104,"column":6},"end":{"line":104,"column":41}},"43":{"start":{"line":106,"column":6},"end":{"line":106,"column":66}},"44":{"start":{"line":107,"column":6},"end":{"line":107,"column":16}},"45":{"start":{"line":24,"column":0},"end":{"line":24,"column":13}}},"fnMap":{"0":{"name":"(anonymous_0)","decl":{"start":{"line":29,"column":2},"end":{"line":29,"column":8}},"loc":{"start":{"line":29,"column":37},"end":{"line":31,"column":3}}},"1":{"name":"(anonymous_1)","decl":{"start":{"line":33,"column":2},"end":{"line":33,"column":8}},"loc":{"start":{"line":33,"column":46},"end":{"line":35,"column":3}}},"2":{"name":"(anonymous_2)","decl":{"start":{"line":37,"column":2},"end":{"line":37,"column":8}},"loc":{"start":{"line":37,"column":45},"end":{"line":39,"column":3}}},"3":{"name":"(anonymous_3)","decl":{"start":{"line":41,"column":2},"end":{"line":41,"column":8}},"loc":{"start":{"line":41,"column":52},"end":{"line":56,"column":3}}},"4":{"name":"(anonymous_4)","decl":{"start":{"line":58,"column":2},"end":{"line":58,"column":8}},"loc":{"start":{"line":58,"column":55},"end":{"line":73,"column":3}}},"5":{"name":"(anonymous_5)","decl":{"start":{"line":75,"column":2},"end":{"line":75,"column":8}},"loc":{"start":{"line":75,"column":37},"end":{"line":89,"column":3}}},"6":{"name":"(anonymous_6)","decl":{"start":{"line":91,"column":2},"end":{"line":91,"column":8}},"loc":{"start":{"line":91,"column":19},"end":{"line":109,"column":3}}}},"branchMap":{"0":{"loc":{"start":{"line":44,"column":6},"end":{"line":50,"column":7}},"type":"if","locations":[{"start":{"line":44,"column":6},"end":{"line":50,"column":7}},{"start":{"line":46,"column":13},"end":{"line":50,"column":7}}]},"1":{"loc":{"start":{"line":46,"column":13},"end":{"line":50,"column":7}},"type":"if","locations":[{"start":{"line":46,"column":13},"end":{"line":50,"column":7}},{"start":{"line":48,"column":13},"end":{"line":50,"column":7}}]},"2":{"loc":{"start":{"line":61,"column":6},"end":{"line":67,"column":7}},"type":"if","locations":[{"start":{"line":61,"column":6},"end":{"line":67,"column":7}},{"start":{"line":63,"column":13},"end":{"line":67,"column":7}}]},"3":{"loc":{"start":{"line":63,"column":13},"end":{"line":67,"column":7}},"type":"if","locations":[{"start":{"line":63,"column":13},"end":{"line":67,"column":7}},{"start":{"line":65,"column":13},"end":{"line":67,"column":7}}]},"4":{"loc":{"start":{"line":77,"column":6},"end":{"line":83,"column":7}},"type":"if","locations":[{"start":{"line":77,"column":6},"end":{"line":83,"column":7}},{"start":{"line":79,"column":13},"end":{"line":83,"column":7}}]},"5":{"loc":{"start":{"line":79,"column":13},"end":{"line":83,"column":7}},"type":"if","locations":[{"start":{"line":79,"column":13},"end":{"line":83,"column":7}},{"start":{"line":81,"column":13},"end":{"line":83,"column":7}}]},"6":{"loc":{"start":{"line":95,"column":6},"end":{"line":101,"column":7}},"type":"if","locations":[{"start":{"line":95,"column":6},"end":{"line":101,"column":7}},{"start":{"line":97,"column":13},"end":{"line":101,"column":7}}]},"7":{"loc":{"start":{"line":97,"column":13},"end":{"line":101,"column":7}},"type":"if","locations":[{"start":{"line":97,"column":13},"end":{"line":101,"column":7}},{"start":{"line":99,"column":13},"end":{"line":101,"column":7}}]}},"s":{"0":1,"1":1,"2":1,"3":1,"4":1,"5":4,"6":2,"7":2,"8":7,"9":7,"10":0,"11":7,"12":5,"13":2,"14":5,"15":2,"16":2,"17":6,"18":6,"19":6,"20":0,"21":6,"22":4,"23":2,"24":4,"25":2,"26":2,"27":7,"28":7,"29":0,"30":7,"31":5,"32":2,"33":5,"34":2,"35":2,"36":1,"37":1,"38":0,"39":1,"40":1,"41":0,"42":1,"43":0,"44":0,"45":1},"f":{"0":4,"1":2,"2":2,"3":7,"4":6,"5":7,"6":1},"b":{"0":[0,7],"1":[5,2],"2":[0,6],"3":[4,2],"4":[0,7],"5":[5,2],"6":[0,1],"7":[1,0]}}
,"/home/hermit/Desktop/accessifix-extension/background/storage/PerSiteConfig.ts": {"path":"/home/hermit/Desktop/accessifix-extension/background/storage/PerSiteConfig.ts","statementMap":{"0":{"start":{"line":18,"column":4},"end":{"line":18,"column":49}},"1":{"start":{"line":29,"column":4},"end":{"line":38,"column":6}},"2":{"start":{"line":49,"column":4},"end":{"line":58,"column":6}},"3":{"start":{"line":10,"column":0},"end":{"line":10,"column":13}}},"fnMap":{"0":{"name":"(anonymous_0)","decl":{"start":{"line":14,"column":2},"end":{"line":14,"column":8}},"loc":{"start":{"line":16,"column":20},"end":{"line":19,"column":3}}},"1":{"name":"(anonymous_1)","decl":{"start":{"line":24,"column":2},"end":{"line":24,"column":8}},"loc":{"start":{"line":27,"column":38},"end":{"line":39,"column":3}}},"2":{"name":"(anonymous_2)","decl":{"start":{"line":44,"column":2},"end":{"line":44,"column":8}},"loc":{"start":{"line":47,"column":20},"end":{"line":59,"column":3}}}},"branchMap":{},"s":{"0":1,"1":1,"2":2,"3":1},"f":{"0":1,"1":1,"2":2},"b":{}}
,"/home/hermit/Desktop/accessifix-extension/background/storage/Serializer.ts": {"path":"/home/hermit/Desktop/accessifix-extension/background/storage/Serializer.ts","statementMap":{"0":{"start":{"line":15,"column":13},"end":{"line":25,"column":2}},"1":{"start":{"line":16,"column":24},"end":{"line":16,"column":45}},"2":{"start":{"line":18,"column":4},"end":{"line":18,"column":36}},"3":{"start":{"line":18,"column":24},"end":{"line":18,"column":36}},"4":{"start":{"line":19,"column":4},"end":{"line":23,"column":5}},"5":{"start":{"line":20,"column":6},"end":{"line":20,"column":31}},"6":{"start":{"line":22,"column":6},"end":{"line":22,"column":18}}},"fnMap":{"0":{"name":"(anonymous_0)","decl":{"start":{"line":16,"column":13},"end":{"line":16,"column":14}},"loc":{"start":{"line":16,"column":24},"end":{"line":16,"column":45}}},"1":{"name":"(anonymous_1)","decl":{"start":{"line":17,"column":15},"end":{"line":17,"column":16}},"loc":{"start":{"line":17,"column":25},"end":{"line":24,"column":3}}}},"branchMap":{"0":{"loc":{"start":{"line":18,"column":4},"end":{"line":18,"column":36}},"type":"if","locations":[{"start":{"line":18,"column":4},"end":{"line":18,"column":36}}]}},"s":{"0":1,"1":5,"2":4,"3":2,"4":2,"5":2,"6":1},"f":{"0":5,"1":4},"b":{"0":[2]}}
,"/home/hermit/Desktop/accessifix-extension/background/storage/SettingsSchema.ts": {"path":"/home/hermit/Desktop/accessifix-extension/background/storage/SettingsSchema.ts","statementMap":{"0":{"start":{"line":42,"column":0},"end":{"line":42,"column":16}},"1":{"start":{"line":1,"column":0},"end":{"line":1,"column":24}},"2":{"start":{"line":23,"column":13},"end":{"line":34,"column":3}},"3":{"start":{"line":44,"column":2},"end":{"line":44,"column":66}}},"fnMap":{"0":{"name":"validateSettings","decl":{"start":{"line":42,"column":16},"end":{"line":42,"column":32}},"loc":{"start":{"line":42,"column":46},"end":{"line":45,"column":1}}}},"branchMap":{},"s":{"0":2,"1":2,"2":2,"3":5},"f":{"0":5},"b":{}}
}
