TN:
SF:background/background.ts
FNF:0
FNH:0
DA:5,0
DA:12,0
DA:13,0
LF:3
LH:0
BRDA:12,0,0,0
BRF:1
BRH:0
end_of_record
TN:
SF:background/dom/DOMScanner.ts
FN:37,(anonymous_0)
FN:74,(anonymous_1)
FN:80,(anonymous_2)
FN:97,(anonymous_3)
FN:104,(anonymous_4)
FN:106,(anonymous_5)
FN:132,(anonymous_6)
FN:155,(anonymous_7)
FN:180,(anonymous_8)
FN:182,getLuminance
FN:215,(anonymous_10)
FN:234,(anonymous_11)
FN:258,(anonymous_12)
FN:286,(anonymous_13)
FNF:14
FNH:3
FNDA:9,(anonymous_0)
FNDA:0,(anonymous_1)
FNDA:0,(anonymous_2)
FNDA:9,(anonymous_3)
FNDA:1,(anonymous_4)
FNDA:0,(anonymous_5)
FNDA:0,(anonymous_6)
FNDA:0,(anonymous_7)
FNDA:0,(anonymous_8)
FNDA:0,getLuminance
FNDA:0,(anonymous_10)
FNDA:0,(anonymous_11)
FNDA:0,(anonymous_12)
FNDA:0,(anonymous_13)
DA:22,2
DA:29,2
DA:31,2
DA:38,9
DA:39,9
DA:40,9
DA:43,9
DA:44,9
DA:46,23
DA:51,23
DA:54,0
DA:55,0
DA:56,0
DA:57,0
DA:58,0
DA:62,9
DA:79,0
DA:80,0
DA:81,0
DA:82,0
DA:84,0
DA:90,0
DA:91,0
DA:98,9
DA:106,1
DA:107,0
DA:113,0
DA:114,0
DA:117,0
DA:118,0
DA:119,0
DA:128,0
DA:132,1
DA:133,0
DA:140,0
DA:141,0
DA:142,0
DA:151,0
DA:155,1
DA:156,0
DA:157,0
DA:158,0
DA:166,0
DA:167,0
DA:176,0
DA:180,1
DA:183,0
DA:184,0
DA:185,0
DA:186,0
DA:187,0
DA:189,0
DA:191,0
DA:193,0
DA:195,0
DA:198,0
DA:199,0
DA:201,0
DA:202,0
DA:203,0
DA:212,0
DA:215,1
DA:216,0
DA:217,0
DA:218,0
DA:220,0
DA:221,0
DA:230,0
DA:234,1
DA:235,0
DA:241,0
DA:242,0
DA:243,0
DA:244,0
DA:246,0
DA:254,0
DA:258,1
DA:259,0
DA:260,0
DA:262,0
DA:272,0
DA:273,0
DA:282,0
DA:286,1
DA:287,0
DA:288,0
DA:289,0
DA:290,0
DA:299,0
LF:89
LH:20
BRDA:38,0,0,9
BRDA:38,0,1,0
BRDA:40,1,0,9
BRDA:40,1,1,9
BRDA:46,2,0,23
BRDA:47,3,0,23
BRDA:47,3,1,23
BRDA:47,3,2,23
BRDA:56,4,0,0
BRDA:58,5,0,0
BRDA:79,6,0,0
BRDA:79,6,1,0
BRDA:84,7,0,0
BRDA:84,7,1,0
BRDA:107,8,0,0
BRDA:108,9,0,0
BRDA:108,9,1,0
BRDA:108,9,2,0
BRDA:113,10,0,0
BRDA:113,11,0,0
BRDA:113,11,1,0
BRDA:118,12,0,0
BRDA:118,13,0,0
BRDA:118,13,1,0
BRDA:133,14,0,0
BRDA:134,15,0,0
BRDA:134,15,1,0
BRDA:134,15,2,0
BRDA:140,16,0,0
BRDA:140,16,1,0
BRDA:141,17,0,0
BRDA:141,18,0,0
BRDA:141,18,1,0
BRDA:156,19,0,0
BRDA:166,20,0,0
BRDA:166,21,0,0
BRDA:166,21,1,0
BRDA:184,22,0,0
BRDA:191,23,0,0
BRDA:193,24,0,0
BRDA:193,24,1,0
BRDA:195,25,0,0
BRDA:195,25,1,0
BRDA:202,26,0,0
BRDA:216,27,0,0
BRDA:220,28,0,0
BRDA:235,29,0,0
BRDA:236,30,0,0
BRDA:236,30,1,0
BRDA:236,30,2,0
BRDA:242,31,0,0
BRDA:244,32,0,0
BRDA:259,33,0,0
BRDA:259,34,0,0
BRDA:259,34,1,0
BRDA:272,35,0,0
BRDA:272,36,0,0
BRDA:272,36,1,0
BRDA:287,37,0,0
BRDA:289,38,0,0
BRF:60
BRH:7
end_of_record
TN:
SF:background/dom/utils.ts
FN:4,getAllElements
FNF:1
FNH:1
FNDA:9,getAllElements
DA:4,2
DA:5,9
DA:6,9
DA:10,9
DA:11,9
DA:12,23
DA:13,23
DA:15,23
DA:16,0
DA:23,23
DA:24,0
DA:25,0
DA:26,0
DA:27,0
DA:35,23
DA:37,9
LF:16
LH:11
BRDA:7,0,0,9
BRDA:7,0,1,0
BRDA:12,1,0,23
BRDA:15,2,0,0
BRDA:23,3,0,0
BRDA:26,4,0,0
BRF:6
BRH:2
end_of_record
TN:
SF:background/rules/RuleEngine.ts
FN:9,(anonymous_0)
FN:13,(anonymous_1)
FN:17,(anonymous_2)
FN:36,(anonymous_3)
FNF:4
FNH:4
FNDA:1,(anonymous_0)
FNDA:5,(anonymous_1)
FNDA:2,(anonymous_2)
FNDA:2,(anonymous_3)
DA:3,1
DA:4,5
DA:10,1
DA:14,5
DA:18,2
DA:19,2
DA:20,2
DA:21,2
DA:25,1
DA:33,2
DA:37,2
DA:38,2
DA:39,1
DA:40,1
LF:14
LH:14
BRDA:28,0,0,1
BRDA:28,0,1,0
BRDA:38,1,0,1
BRF:3
BRH:2
end_of_record
TN:
SF:background/rules/aria.ts
FN:17,(anonymous_0)
FN:22,(anonymous_1)
FN:42,(anonymous_2)
FN:46,(anonymous_3)
FNF:4
FNH:4
FNDA:2,(anonymous_0)
FNDA:2,(anonymous_1)
FNDA:1,(anonymous_2)
FNDA:1,(anonymous_3)
DA:13,1
DA:18,2
DA:19,2
DA:22,2
DA:23,2
DA:25,2
DA:30,1
DA:40,2
DA:43,1
DA:46,1
DA:47,1
DA:51,1
LF:12
LH:12
BRDA:20,0,0,0
BRDA:20,0,1,2
BRDA:25,1,0,1
BRDA:26,2,0,2
BRDA:26,2,1,2
BRDA:26,2,2,1
BRDA:44,3,0,0
BRDA:44,3,1,1
BRDA:47,4,0,1
BRDA:48,5,0,1
BRDA:48,5,1,1
BRF:11
BRH:9
end_of_record
TN:
SF:background/rules/contrast.ts
FN:16,getContrastRatio
FN:35,(anonymous_1)
FN:46,(anonymous_2)
FNF:3
FNH:3
FNDA:1,getContrastRatio
FNDA:2,(anonymous_1)
FNDA:2,(anonymous_2)
DA:16,1
DA:24,1
DA:27,1
DA:42,2
DA:43,2
DA:46,2
DA:47,2
DA:48,2
DA:49,2
DA:50,2
DA:51,2
DA:52,1
DA:60,2
LF:13
LH:13
BRDA:37,0,0,1
BRDA:44,1,0,0
BRDA:44,1,1,2
BRDA:51,2,0,1
BRF:4
BRH:3
end_of_record
TN:
SF:background/rules/navigation.ts
FN:15,(anonymous_0)
FN:20,(anonymous_1)
FNF:2
FNH:2
FNDA:2,(anonymous_0)
FNDA:2,(anonymous_1)
DA:11,1
DA:16,2
DA:17,2
DA:20,2
DA:21,2
DA:22,1
DA:31,2
LF:7
LH:7
BRDA:18,0,0,0
BRDA:18,0,1,2
BRDA:21,1,0,1
BRF:3
BRH:2
end_of_record
TN:
SF:background/rules/typography.ts
FN:14,(anonymous_0)
FN:19,(anonymous_1)
FNF:2
FNH:2
FNDA:2,(anonymous_0)
FNDA:2,(anonymous_1)
DA:11,1
DA:15,2
DA:16,2
DA:19,2
DA:20,2
DA:21,2
DA:22,2
DA:23,1
DA:31,2
LF:9
LH:9
BRDA:17,0,0,0
BRDA:17,0,1,2
BRDA:22,1,0,1
BRF:3
BRH:2
end_of_record
TN:
SF:background/storage/ErrorHandler.ts
FN:13,(anonymous_0)
FNF:1
FNH:1
FNDA:3,(anonymous_0)
DA:13,1
LF:1
LH:1
BRF:0
BRH:0
end_of_record
TN:
SF:background/storage/ImportExport.ts
FN:14,(anonymous_0)
FN:22,(anonymous_1)
FNF:2
FNH:2
FNDA:2,(anonymous_0)
FNDA:3,(anonymous_1)
DA:1,1
DA:10,1
DA:15,2
DA:24,3
DA:25,3
DA:28,1
DA:31,2
LF:7
LH:7
BRF:0
BRH:0
end_of_record
TN:
SF:background/storage/LocalStorageWrapper.ts
FN:29,(anonymous_0)
FN:33,(anonymous_1)
FN:37,(anonymous_2)
FN:41,(anonymous_3)
FN:58,(anonymous_4)
FN:75,(anonymous_5)
FN:91,(anonymous_6)
FNF:7
FNH:7
FNDA:4,(anonymous_0)
FNDA:2,(anonymous_1)
FNDA:2,(anonymous_2)
FNDA:7,(anonymous_3)
FNDA:6,(anonymous_4)
FNDA:7,(anonymous_5)
FNDA:1,(anonymous_6)
DA:1,1
DA:2,1
DA:24,1
DA:25,1
DA:26,1
DA:27,1
DA:30,4
DA:34,2
DA:38,2
DA:42,7
DA:44,7
DA:45,0
DA:46,7
DA:47,5
DA:49,2
DA:51,5
DA:53,2
DA:54,2
DA:59,6
DA:60,6
DA:61,6
DA:62,0
DA:63,6
DA:64,4
DA:66,2
DA:68,4
DA:70,2
DA:71,2
DA:76,7
DA:77,7
DA:78,0
DA:79,7
DA:80,5
DA:82,2
DA:84,5
DA:86,2
DA:87,2
DA:92,1
DA:95,1
DA:96,0
DA:97,1
DA:98,1
DA:100,0
DA:104,1
DA:106,0
DA:107,0
LF:46
LH:39
BRDA:44,0,0,0
BRDA:44,0,1,7
BRDA:46,1,0,5
BRDA:46,1,1,2
BRDA:61,2,0,0
BRDA:61,2,1,6
BRDA:63,3,0,4
BRDA:63,3,1,2
BRDA:77,4,0,0
BRDA:77,4,1,7
BRDA:79,5,0,5
BRDA:79,5,1,2
BRDA:95,6,0,0
BRDA:95,6,1,1
BRDA:97,7,0,1
BRDA:97,7,1,0
BRF:16
BRH:11
end_of_record
TN:
SF:background/storage/PerSiteConfig.ts
FN:14,(anonymous_0)
FN:24,(anonymous_1)
FN:44,(anonymous_2)
FNF:3
FNH:3
FNDA:1,(anonymous_0)
FNDA:1,(anonymous_1)
FNDA:2,(anonymous_2)
DA:10,1
DA:18,1
DA:29,1
DA:49,2
LF:4
LH:4
BRF:0
BRH:0
end_of_record
TN:
SF:background/storage/Serializer.ts
FN:16,(anonymous_0)
FN:17,(anonymous_1)
FNF:2
FNH:2
FNDA:5,(anonymous_0)
FNDA:4,(anonymous_1)
DA:15,1
DA:16,5
DA:18,4
DA:19,2
DA:20,2
DA:22,1
LF:6
LH:6
BRDA:18,0,0,2
BRF:1
BRH:1
end_of_record
TN:
SF:background/storage/SettingsSchema.ts
FN:42,validateSettings
FNF:1
FNH:1
FNDA:5,validateSettings
DA:1,2
DA:23,2
DA:42,2
DA:44,5
LF:4
LH:4
BRF:0
BRH:0
end_of_record
