TN:
SF:background/rules/RuleEngine.ts
FN:9,(anonymous_0)
FN:13,(anonymous_1)
FN:17,(anonymous_2)
FN:36,(anonymous_3)
FNF:4
FNH:4
FNDA:1,(anonymous_0)
FNDA:5,(anonymous_1)
FNDA:2,(anonymous_2)
FNDA:2,(anonymous_3)
DA:3,1
DA:4,5
DA:10,1
DA:14,5
DA:18,2
DA:19,2
DA:20,2
DA:21,2
DA:25,1
DA:33,2
DA:37,2
DA:38,2
DA:39,1
DA:40,1
LF:14
LH:14
BRDA:28,0,0,1
BRDA:28,0,1,0
BRDA:38,1,0,1
BRF:3
BRH:2
end_of_record
TN:
SF:background/rules/aria.ts
FN:17,(anonymous_0)
FN:22,(anonymous_1)
FN:42,(anonymous_2)
FN:46,(anonymous_3)
FNF:4
FNH:4
FNDA:2,(anonymous_0)
FNDA:2,(anonymous_1)
FNDA:1,(anonymous_2)
FNDA:1,(anonymous_3)
DA:13,1
DA:18,2
DA:19,2
DA:22,2
DA:23,2
DA:25,2
DA:30,1
DA:40,2
DA:43,1
DA:46,1
DA:47,1
DA:51,1
LF:12
LH:12
BRDA:20,0,0,0
BRDA:20,0,1,2
BRDA:25,1,0,1
BRDA:26,2,0,2
BRDA:26,2,1,2
BRDA:26,2,2,1
BRDA:44,3,0,0
BRDA:44,3,1,1
BRDA:47,4,0,1
BRDA:48,5,0,1
BRDA:48,5,1,1
BRF:11
BRH:9
end_of_record
TN:
SF:background/rules/contrast.ts
FN:16,getContrastRatio
FN:35,(anonymous_1)
FN:46,(anonymous_2)
FNF:3
FNH:3
FNDA:1,getContrastRatio
FNDA:2,(anonymous_1)
FNDA:2,(anonymous_2)
DA:16,1
DA:24,1
DA:27,1
DA:42,2
DA:43,2
DA:46,2
DA:47,2
DA:48,2
DA:49,2
DA:50,2
DA:51,2
DA:52,1
DA:60,2
LF:13
LH:13
BRDA:37,0,0,1
BRDA:44,1,0,0
BRDA:44,1,1,2
BRDA:51,2,0,1
BRF:4
BRH:3
end_of_record
TN:
SF:background/rules/navigation.ts
FN:15,(anonymous_0)
FN:20,(anonymous_1)
FNF:2
FNH:2
FNDA:2,(anonymous_0)
FNDA:2,(anonymous_1)
DA:11,1
DA:16,2
DA:17,2
DA:20,2
DA:21,2
DA:22,1
DA:31,2
LF:7
LH:7
BRDA:18,0,0,0
BRDA:18,0,1,2
BRDA:21,1,0,1
BRF:3
BRH:2
end_of_record
TN:
SF:background/rules/typography.ts
FN:14,(anonymous_0)
FN:19,(anonymous_1)
FNF:2
FNH:2
FNDA:2,(anonymous_0)
FNDA:2,(anonymous_1)
DA:11,1
DA:15,2
DA:16,2
DA:19,2
DA:20,2
DA:21,2
DA:22,2
DA:23,1
DA:31,2
LF:9
LH:9
BRDA:17,0,0,0
BRDA:17,0,1,2
BRDA:22,1,0,1
BRF:3
BRH:2
end_of_record
TN:
SF:background/storage/ErrorHandler.ts
FN:13,(anonymous_0)
FNF:1
FNH:1
FNDA:3,(anonymous_0)
DA:13,1
LF:1
LH:1
BRF:0
BRH:0
end_of_record
TN:
SF:background/storage/ImportExport.ts
FN:14,(anonymous_0)
FN:22,(anonymous_1)
FNF:2
FNH:2
FNDA:2,(anonymous_0)
FNDA:3,(anonymous_1)
DA:1,1
DA:10,1
DA:15,2
DA:24,3
DA:25,3
DA:28,1
DA:31,2
LF:7
LH:7
BRF:0
BRH:0
end_of_record
TN:
SF:background/storage/LocalStorageWrapper.ts
FN:29,(anonymous_0)
FN:33,(anonymous_1)
FN:37,(anonymous_2)
FN:41,(anonymous_3)
FN:58,(anonymous_4)
FN:75,(anonymous_5)
FN:91,(anonymous_6)
FNF:7
FNH:7
FNDA:4,(anonymous_0)
FNDA:2,(anonymous_1)
FNDA:2,(anonymous_2)
FNDA:7,(anonymous_3)
FNDA:6,(anonymous_4)
FNDA:7,(anonymous_5)
FNDA:1,(anonymous_6)
DA:1,1
DA:2,1
DA:24,1
DA:25,1
DA:26,1
DA:27,1
DA:30,4
DA:34,2
DA:38,2
DA:42,7
DA:44,7
DA:45,0
DA:46,7
DA:47,5
DA:49,2
DA:51,5
DA:53,2
DA:54,2
DA:59,6
DA:60,6
DA:61,6
DA:62,0
DA:63,6
DA:64,4
DA:66,2
DA:68,4
DA:70,2
DA:71,2
DA:76,7
DA:77,7
DA:78,0
DA:79,7
DA:80,5
DA:82,2
DA:84,5
DA:86,2
DA:87,2
DA:92,1
DA:95,1
DA:96,0
DA:97,1
DA:98,1
DA:100,0
DA:104,1
DA:106,0
DA:107,0
LF:46
LH:39
BRDA:44,0,0,0
BRDA:44,0,1,7
BRDA:46,1,0,5
BRDA:46,1,1,2
BRDA:61,2,0,0
BRDA:61,2,1,6
BRDA:63,3,0,4
BRDA:63,3,1,2
BRDA:77,4,0,0
BRDA:77,4,1,7
BRDA:79,5,0,5
BRDA:79,5,1,2
BRDA:95,6,0,0
BRDA:95,6,1,1
BRDA:97,7,0,1
BRDA:97,7,1,0
BRF:16
BRH:11
end_of_record
TN:
SF:background/storage/PerSiteConfig.ts
FN:14,(anonymous_0)
FN:24,(anonymous_1)
FN:44,(anonymous_2)
FNF:3
FNH:3
FNDA:1,(anonymous_0)
FNDA:1,(anonymous_1)
FNDA:2,(anonymous_2)
DA:10,1
DA:18,1
DA:29,1
DA:49,2
LF:4
LH:4
BRF:0
BRH:0
end_of_record
TN:
SF:background/storage/Serializer.ts
FN:16,(anonymous_0)
FN:17,(anonymous_1)
FNF:2
FNH:2
FNDA:5,(anonymous_0)
FNDA:4,(anonymous_1)
DA:15,1
DA:16,5
DA:18,4
DA:19,2
DA:20,2
DA:22,1
LF:6
LH:6
BRDA:18,0,0,2
BRF:1
BRH:1
end_of_record
TN:
SF:background/storage/SettingsSchema.ts
FN:42,validateSettings
FNF:1
FNH:1
FNDA:5,validateSettings
DA:1,2
DA:23,2
DA:42,2
DA:44,5
LF:4
LH:4
BRF:0
BRH:0
end_of_record
